{"cause":{"code":"ERR_SSL_TLSV1_ALERT_INTERNAL_ERROR","library":"SSL routines","reason":"tlsv1 alert internal error"},"connectionGeneration":0,"level":"error","message":"Error connecting to Database:  806801BE22700000:error:0A000438:SSL routines:ssl3_read_bytes:tlsv1 alert internal error:../deps/openssl/openssl/ssl/record/rec_layer_s3.c:1605:SSL alert number 80\n","stack":"MongoNetworkError: 806801BE22700000:error:0A000438:SSL routines:ssl3_read_bytes:tlsv1 alert internal error:../deps/openssl/openssl/ssl/record/rec_layer_s3.c:1605:SSL alert number 80\n\n    at connectionFailureError (/home/pentaz/Documents/Final_project/backend/node_modules/mongodb/lib/cmap/connect.js:367:20)\n    at TLSSocket.<anonymous> (/home/pentaz/Documents/Final_project/backend/node_modules/mongodb/lib/cmap/connect.js:290:22)\n    at Object.onceWrapper (node:events:633:26)\n    at TLSSocket.emit (node:events:518:28)\n    at emitErrorNT (node:internal/streams/destroy:170:8)\n    at emitErrorCloseNT (node:internal/streams/destroy:129:3)\n    at process.processTicksAndRejections (node:internal/process/task_queues:90:21)"}
{"level":"info","message":"GET /api/list/getRecent"}
{"level":"info","message":"GET /api/list/getRecent"}
{"level":"info","message":"GET /api/list/getRecent"}
{"level":"info","message":"GET /api/list/getAll"}
{"level":"info","message":"GET /api/list/getRecent"}
{"level":"info","message":"GET /api/list/getAll"}
{"level":"info","message":"GET /api/search/tomato"}
{"level":"info","message":"GET /api/list/getRecent"}
{"level":"info","message":"GET /api/list/getRecent"}
{"level":"info","message":"GET /api/list/getRecent"}
{"level":"info","message":"GET /api/list/getRecent"}
{"level":"info","message":"GET /api/list/getAll"}
{"level":"info","message":"GET /api/list/getRecent"}
{"level":"error","message":"Error connecting to Database:  Could not connect to any servers in your MongoDB Atlas cluster. One common reason is that you're trying to access the database from an IP that isn't whitelisted. Make sure your current IP address is on your Atlas cluster's IP whitelist: https://www.mongodb.com/docs/atlas/security-whitelist/","reason":{"commonWireVersion":0,"compatible":true,"heartbeatFrequencyMS":10000,"localThresholdMS":15,"logicalSessionTimeoutMinutes":null,"maxElectionId":null,"maxSetVersion":null,"servers":{},"setName":"atlas-70hg9s-shard-0","stale":false,"type":"ReplicaSetNoPrimary"},"stack":"MongooseServerSelectionError: Could not connect to any servers in your MongoDB Atlas cluster. One common reason is that you're trying to access the database from an IP that isn't whitelisted. Make sure your current IP address is on your Atlas cluster's IP whitelist: https://www.mongodb.com/docs/atlas/security-whitelist/\n    at _handleConnectionErrors (/home/pentaz/Documents/Final_project/backend/node_modules/mongoose/lib/connection.js:816:11)\n    at NativeConnection.openUri (/home/pentaz/Documents/Final_project/backend/node_modules/mongoose/lib/connection.js:791:11)\n    at process.processTicksAndRejections (node:internal/process/task_queues:105:5)\n    at async module.exports (/home/pentaz/Documents/Final_project/backend/src/startup/db.js:11:17)"}
{"level":"info","message":"POST /api/auth/signup"}
{"level":"info","message":"GET /api/cart/get/680233acbe57fce751f62729"}
{"level":"info","message":"GET /api/list/getRecent"}
{"level":"info","message":"GET /api/list/getAll"}
{"level":"info","message":"GET /api/auth/680233acbe57fce751f62729"}
{"level":"info","message":"GET /api/list/getAll"}
{"level":"info","message":"GET /api/list/getAll"}
{"level":"info","message":"GET /api/list/getRecent"}
{"level":"info","message":"GET /api/list/getRecent"}
{"level":"info","message":"GET /api/list/getAll"}
{"level":"info","message":"GET /api/cart/get/680233acbe57fce751f62729"}
{"level":"info","message":"GET /api/auth/680233acbe57fce751f62729"}
{"level":"info","message":"GET /api/auth/680233acbe57fce751f62729"}
{"level":"info","message":"GET /api/auth/680233acbe57fce751f62729"}
{"level":"info","message":"GET /api/list/getAll"}
{"level":"info","message":"GET /api/search/tomato"}
{"level":"info","message":"POST /api/auth/saveGLogin"}
{"level":"info","message":"GET /api/cart/get/6802367dbe57fce751f6273b"}
{"level":"info","message":"GET /api/list/getRecent"}
{"level":"info","message":"POST /api/auth/login"}
{"level":"info","message":"GET /api/cart/get/680233acbe57fce751f62729"}
{"level":"info","message":"GET /api/list/getRecent"}
{"level":"info","message":"GET /api/list/getAll"}
{"level":"info","message":"GET /api/auth/680233acbe57fce751f62729"}
{"level":"info","message":"GET /api/cart/get/680233acbe57fce751f62729"}
{"level":"info","message":"POST /api/auth/saveGLogin"}
{"level":"info","message":"GET /api/cart/get/6802367dbe57fce751f6273b"}
{"level":"info","message":"GET /api/list/getRecent"}
{"level":"info","message":"POST /api/auth/signup"}
{"level":"info","message":"GET /api/cart/get/68023734be57fce751f62749"}
{"level":"info","message":"GET /api/list/getRecent"}
{"level":"info","message":"GET /api/list/getAll/68023734be57fce751f62749"}
{"level":"info","message":"GET /api/list/getAll/68023734be57fce751f62749"}
{"level":"info","message":"GET /api/list/getRecent"}
{"level":"info","message":"GET /api/auth/68023734be57fce751f62749"}
{"level":"info","message":"GET /api/auth/68023734be57fce751f62749"}
{"level":"info","message":"GET /api/auth/68023734be57fce751f62749"}
{"level":"info","message":"GET /api/list/getRecent"}
{"level":"info","message":"POST /api/auth/login"}
{"level":"info","message":"POST /api/auth/login"}
{"level":"info","message":"GET /api/cart/get/680233acbe57fce751f62729"}
{"level":"info","message":"GET /api/list/getRecent"}
{"level":"info","message":"GET /api/list/getRecent"}
{"level":"info","message":"GET /api/list/getAll"}
{"level":"info","message":"GET /api/list/getRecent"}
{"level":"info","message":"GET /api/list/getAll"}
{"level":"info","message":"GET /api/list/getAll"}
{"level":"info","message":"GET /api/auth/680233acbe57fce751f62729"}
{"level":"info","message":"GET /api/cart/get/680233acbe57fce751f62729"}
{"level":"info","message":"POST /api/auth/login"}
{"level":"info","message":"GET /api/cart/get/68023734be57fce751f62749"}
{"level":"info","message":"GET /api/list/getRecent"}
{"level":"info","message":"GET /api/list/getAll/68023734be57fce751f62749"}
{"level":"info","message":"GET /api/list/getAll/68023734be57fce751f62749"}
{"level":"info","message":"GET /api/list/getRecent"}
{"level":"info","message":"GET /api/auth/68023734be57fce751f62749"}
{"level":"info","message":"GET /api/auth/68023734be57fce751f62749"}
{"level":"info","message":"GET /api/auth/68023734be57fce751f62749"}
{"level":"info","message":"GET /api/list/getRecent"}
{"level":"info","message":"GET /api/list/getRecent"}
{"level":"info","message":"GET /api/list/getRecent"}
{"level":"info","message":"GET /api/list/getRecent"}
{"level":"info","message":"GET /api/list/getRecent"}
{"level":"info","message":"GET /api/list/getRecent"}
{"level":"info","message":"GET /api/list/getRecent"}
{"level":"info","message":"GET /api/list/getRecent"}
{"level":"info","message":"GET /api/list/getRecent"}
{"level":"info","message":"GET /api/list/getRecent"}
{"level":"info","message":"GET /api/list/getRecent"}
{"level":"info","message":"GET /api/list/getRecent"}
{"level":"info","message":"GET /api/list/getRecent"}
{"level":"info","message":"GET /api/list/getRecent"}
{"level":"info","message":"GET /api/list/getRecent"}
{"level":"info","message":"POST /api/auth/login"}
{"level":"info","message":"GET /api/cart/get/68023734be57fce751f62749"}
{"level":"info","message":"GET /api/list/getRecent"}
{"level":"info","message":"GET /api/list/getAll/68023734be57fce751f62749"}
{"level":"info","message":"GET /api/auth/68023734be57fce751f62749"}
{"level":"info","message":"GET /api/list/getRecent"}
{"level":"info","message":"GET /api/list/getRecent"}
{"level":"info","message":"GET /api/list/getRecent"}
{"level":"info","message":"GET /api/list/getRecent"}
{"level":"info","message":"GET /api/list/getRecent"}
{"level":"info","message":"GET /api/list/getRecent"}
{"level":"info","message":"GET /api/list/getRecent"}
{"level":"info","message":"GET /api/list/getRecent"}
{"level":"info","message":"GET /api/list/getRecent"}
{"level":"info","message":"GET /api/list/getRecent"}
{"level":"info","message":"GET /api/list/getRecent"}
{"level":"info","message":"GET /api/list/getRecent"}
{"level":"info","message":"POST /api/auth/login"}
{"level":"info","message":"GET /api/cart/get/68023734be57fce751f62749"}
{"level":"info","message":"GET /api/list/getRecent"}
{"level":"info","message":"GET /api/list/getAll/68023734be57fce751f62749"}
{"level":"info","message":"GET /api/list/getAll/68023734be57fce751f62749"}
{"level":"info","message":"GET /api/auth/68023734be57fce751f62749"}
{"level":"info","message":"GET /api/auth/68023734be57fce751f62749"}
{"level":"info","message":"GET /api/list/getAll/68023734be57fce751f62749"}
{"level":"info","message":"GET /api/auth/68023734be57fce751f62749"}
{"level":"info","message":"GET /api/auth/68023734be57fce751f62749"}
{"level":"info","message":"GET /api/auth/68023734be57fce751f62749"}
{"level":"info","message":"GET /api/auth/68023734be57fce751f62749"}
{"level":"info","message":"GET /api/list/getRecent"}
{"level":"info","message":"POST /api/auth/login"}
{"level":"info","message":"GET /api/cart/get/68023734be57fce751f62749"}
{"level":"info","message":"GET /api/list/getRecent"}
{"level":"info","message":"GET /api/auth/68023734be57fce751f62749"}
{"level":"info","message":"GET /api/list/getRecent"}
{"level":"info","message":"POST /api/auth/login"}
{"level":"info","message":"GET /api/cart/get/68023734be57fce751f62749"}
{"level":"info","message":"GET /api/list/getRecent"}
{"level":"info","message":"GET /api/auth/68023734be57fce751f62749"}
{"level":"info","message":"GET /api/auth/68023734be57fce751f62749"}
{"level":"info","message":"GET /api/auth/68023734be57fce751f62749"}
{"level":"info","message":"GET /api/auth/68023734be57fce751f62749"}
{"level":"info","message":"GET /api/auth/68023734be57fce751f62749"}
{"level":"info","message":"GET /api/list/getAll/68023734be57fce751f62749"}
{"level":"info","message":"GET /api/auth/68023734be57fce751f62749"}
{"level":"info","message":"GET /api/list/getAll/68023734be57fce751f62749"}
{"level":"info","message":"GET /api/auth/68023734be57fce751f62749"}
{"level":"info","message":"GET /api/auth/68023734be57fce751f62749"}
{"level":"error","message":"Error connecting to Database:  Could not connect to any servers in your MongoDB Atlas cluster. One common reason is that you're trying to access the database from an IP that isn't whitelisted. Make sure your current IP address is on your Atlas cluster's IP whitelist: https://www.mongodb.com/docs/atlas/security-whitelist/","reason":{"commonWireVersion":0,"compatible":true,"heartbeatFrequencyMS":10000,"localThresholdMS":15,"logicalSessionTimeoutMinutes":null,"maxElectionId":null,"maxSetVersion":null,"servers":{},"setName":"atlas-70hg9s-shard-0","stale":false,"type":"ReplicaSetNoPrimary"},"stack":"MongooseServerSelectionError: Could not connect to any servers in your MongoDB Atlas cluster. One common reason is that you're trying to access the database from an IP that isn't whitelisted. Make sure your current IP address is on your Atlas cluster's IP whitelist: https://www.mongodb.com/docs/atlas/security-whitelist/\n    at _handleConnectionErrors (/home/pentaz/Documents/Final_project/backend/node_modules/mongoose/lib/connection.js:816:11)\n    at NativeConnection.openUri (/home/pentaz/Documents/Final_project/backend/node_modules/mongoose/lib/connection.js:791:11)\n    at process.processTicksAndRejections (node:internal/process/task_queues:105:5)\n    at async module.exports (/home/pentaz/Documents/Final_project/backend/src/startup/db.js:11:17)"}
{"level":"info","message":"POST /api/auth/saveGLogin"}
{"level":"info","message":"GET /api/cart/get/6802367dbe57fce751f6273b"}
{"level":"info","message":"POST /api/auth/login"}
{"level":"info","message":"GET /api/cart/get/68023734be57fce751f62749"}
{"level":"info","message":"GET /api/auth/68023734be57fce751f62749"}
{"level":"info","message":"GET /api/items?sort=0"}
{"level":"info","message":"GET /api/items?sort=0"}
{"level":"info","message":"GET /api/items?sort=0"}
{"level":"info","message":"GET /api/items?sort=0"}
{"level":"info","message":"POST /api/auth/login"}
{"level":"info","message":"GET /api/cart/get/68023734be57fce751f62749"}
{"level":"info","message":"GET /api/items?sort=0"}
{"level":"info","message":"GET /api/items?sort=0"}
{"level":"info","message":"GET /api/items?sort=0"}
{"level":"info","message":"GET /api/items?sort=0"}
{"level":"info","message":"GET /api/auth/68023734be57fce751f62749"}
{"level":"info","message":"GET /api/items?sort=0"}
{"level":"info","message":"GET /api/items?sort=0"}
{"level":"info","message":"GET /api/items?sort=0"}
{"level":"info","message":"GET /api/items?sort=0"}
{"code":"EREFUSED","hostname":"_mongodb._tcp.cluster0.obttlsc.mongodb.net","level":"error","message":"Error connecting to Database:  querySrv EREFUSED _mongodb._tcp.cluster0.obttlsc.mongodb.net","stack":"Error: querySrv EREFUSED _mongodb._tcp.cluster0.obttlsc.mongodb.net\n    at QueryReqWrap.onresolve [as oncomplete] (node:internal/dns/promises:293:17)","syscall":"querySrv"}
{"code":"EREFUSED","hostname":"_mongodb._tcp.cluster0.obttlsc.mongodb.net","level":"error","message":"Error connecting to Database:  querySrv EREFUSED _mongodb._tcp.cluster0.obttlsc.mongodb.net","stack":"Error: querySrv EREFUSED _mongodb._tcp.cluster0.obttlsc.mongodb.net\n    at QueryReqWrap.onresolve [as oncomplete] (node:internal/dns/promises:293:17)","syscall":"querySrv"}
{"level":"info","message":"POST /api/auth/login"}
{"level":"info","message":"GET /api/cart/get/68023734be57fce751f62749"}
{"level":"info","message":"GET /api/items?sort=0"}
{"level":"info","message":"GET /api/items?sort=0"}
{"level":"info","message":"GET /api/items?sort=0"}
{"level":"info","message":"GET /api/items?sort=0"}
{"level":"info","message":"GET /api/items?sort=0"}
{"level":"info","message":"GET /api/auth/68023734be57fce751f62749"}
{"level":"info","message":"GET /api/items?sort=0"}
{"level":"info","message":"GET /api/items?sort=0"}
{"level":"info","message":"GET /api/items?sort=0"}
{"level":"info","message":"GET /api/items?sort=0"}
{"level":"info","message":"GET /api/auth/68023734be57fce751f62749"}
{"level":"info","message":"GET /api/auth/68023734be57fce751f62749"}
{"level":"info","message":"GET /api/items?sort=0"}
{"level":"info","message":"GET /api/auth/68023734be57fce751f62749"}
{"level":"info","message":"GET /api/items?sort=0"}
{"level":"info","message":"GET /api/items?sort=0"}
{"level":"info","message":"GET /api/items?sort=0"}
{"level":"info","message":"GET /api/items?sort=0"}
{"level":"info","message":"GET /api/auth/68023734be57fce751f62749"}
{"code":"EREFUSED","hostname":"_mongodb._tcp.cluster0.obttlsc.mongodb.net","level":"error","message":"Error connecting to Database:  querySrv EREFUSED _mongodb._tcp.cluster0.obttlsc.mongodb.net","stack":"Error: querySrv EREFUSED _mongodb._tcp.cluster0.obttlsc.mongodb.net\n    at QueryReqWrap.onresolve [as oncomplete] (node:internal/dns/promises:293:17)","syscall":"querySrv"}
{"level":"info","message":"GET /api/items?sort=0"}
{"level":"info","message":"GET /api/items?sort=0"}
{"level":"info","message":"GET /api/items?sort=0"}
{"level":"info","message":"GET /api/items?sort=0"}
{"code":"EREFUSED","hostname":"_mongodb._tcp.cluster0.obttlsc.mongodb.net","level":"error","message":"Error connecting to Database:  querySrv EREFUSED _mongodb._tcp.cluster0.obttlsc.mongodb.net","stack":"Error: querySrv EREFUSED _mongodb._tcp.cluster0.obttlsc.mongodb.net\n    at QueryReqWrap.onresolve [as oncomplete] (node:internal/dns/promises:293:17)","syscall":"querySrv"}
{"code":"ETIMEOUT","hostname":"_mongodb._tcp.cluster0.obttlsc.mongodb.net","level":"error","message":"Error connecting to Database:  querySrv ETIMEOUT _mongodb._tcp.cluster0.obttlsc.mongodb.net","stack":"Error: querySrv ETIMEOUT _mongodb._tcp.cluster0.obttlsc.mongodb.net\n    at QueryReqWrap.onresolve [as oncomplete] (node:internal/dns/promises:293:17)","syscall":"querySrv"}
{"level":"info","message":"GET /api/items?sort=0"}
{"level":"info","message":"GET /api/items?sort=0"}
{"level":"info","message":"GET /api/items?sort=0"}
{"level":"info","message":"GET /api/items?sort=0"}
{"level":"info","message":"GET /api/items?sort=0"}
{"level":"info","message":"GET /api/items?sort=0"}
{"level":"info","message":"GET /api/items?sort=0"}
{"level":"info","message":"POST /api/auth/login"}
{"level":"info","message":"GET /api/cart/get/68023734be57fce751f62749"}
{"level":"info","message":"GET /api/items?sort=0"}
{"level":"info","message":"GET /api/items?sort=0"}
{"level":"info","message":"GET /api/items?sort=0"}
{"level":"info","message":"GET /api/items?sort=0"}
{"level":"info","message":"GET /api/auth/68023734be57fce751f62749"}
{"level":"info","message":"GET /api/auth/68023734be57fce751f62749"}
{"level":"info","message":"GET /api/auth/68023734be57fce751f62749"}
{"level":"info","message":"GET /api/items?sort=0"}
{"level":"info","message":"GET /api/auth/68023734be57fce751f62749"}
{"level":"info","message":"GET /api/items?sort=0"}
{"level":"info","message":"POST /api/auth/login"}
{"level":"info","message":"GET /api/cart/get/68023734be57fce751f62749"}
{"level":"info","message":"GET /api/items?sort=0"}
{"level":"info","message":"GET /api/items?sort=0"}
{"level":"info","message":"POST /api/auth/login"}
{"level":"info","message":"GET /api/cart/get/68023734be57fce751f62749"}
{"level":"info","message":"GET /api/items?sort=0"}
{"level":"info","message":"GET /api/items?sort=0"}
{"level":"info","message":"GET /api/auth/68023734be57fce751f62749"}
{"level":"info","message":"GET /api/items?sort=0"}
{"level":"info","message":"GET /api/items?sort=0"}
{"level":"info","message":"POST /api/auth/login"}
{"level":"info","message":"GET /api/cart/get/680233acbe57fce751f62729"}
{"level":"info","message":"GET /api/items?sort=0"}
{"level":"info","message":"GET /api/items?sort=0"}
{"level":"info","message":"GET /api/auth/680233acbe57fce751f62729"}
{"level":"info","message":"GET /api/cart/get/680233acbe57fce751f62729"}
{"level":"info","message":"GET /api/items?sort=0"}
{"level":"info","message":"GET /api/items?sort=0"}
{"level":"info","message":"POST /api/auth/login"}
{"level":"info","message":"GET /api/cart/get/68023734be57fce751f62749"}
{"level":"info","message":"GET /api/items?sort=0"}
{"level":"info","message":"GET /api/auth/68023734be57fce751f62749"}
{"level":"info","message":"GET /api/auth/68023734be57fce751f62749"}
{"level":"info","message":"GET /api/auth/68023734be57fce751f62749"}
{"level":"info","message":"GET /api/auth/68023734be57fce751f62749"}
{"level":"error","message":"Error connecting to Database:  Could not connect to any servers in your MongoDB Atlas cluster. One common reason is that you're trying to access the database from an IP that isn't whitelisted. Make sure your current IP address is on your Atlas cluster's IP whitelist: https://www.mongodb.com/docs/atlas/security-whitelist/","reason":{"commonWireVersion":0,"compatible":true,"heartbeatFrequencyMS":10000,"localThresholdMS":15,"logicalSessionTimeoutMinutes":null,"maxElectionId":null,"maxSetVersion":null,"servers":{},"setName":"atlas-70hg9s-shard-0","stale":false,"type":"ReplicaSetNoPrimary"},"stack":"MongooseServerSelectionError: Could not connect to any servers in your MongoDB Atlas cluster. One common reason is that you're trying to access the database from an IP that isn't whitelisted. Make sure your current IP address is on your Atlas cluster's IP whitelist: https://www.mongodb.com/docs/atlas/security-whitelist/\n    at _handleConnectionErrors (/home/pentaz/Documents/Final_project/backend/node_modules/mongoose/lib/connection.js:816:11)\n    at NativeConnection.openUri (/home/pentaz/Documents/Final_project/backend/node_modules/mongoose/lib/connection.js:791:11)\n    at process.processTicksAndRejections (node:internal/process/task_queues:105:5)\n    at async module.exports (/home/pentaz/Documents/Final_project/backend/src/startup/db.js:11:17)"}
{"level":"error","message":"Error connecting to Database:  Could not connect to any servers in your MongoDB Atlas cluster. One common reason is that you're trying to access the database from an IP that isn't whitelisted. Make sure your current IP address is on your Atlas cluster's IP whitelist: https://www.mongodb.com/docs/atlas/security-whitelist/","reason":{"commonWireVersion":0,"compatible":true,"heartbeatFrequencyMS":10000,"localThresholdMS":15,"logicalSessionTimeoutMinutes":null,"maxElectionId":null,"maxSetVersion":null,"servers":{},"setName":"atlas-70hg9s-shard-0","stale":false,"type":"ReplicaSetNoPrimary"},"stack":"MongooseServerSelectionError: Could not connect to any servers in your MongoDB Atlas cluster. One common reason is that you're trying to access the database from an IP that isn't whitelisted. Make sure your current IP address is on your Atlas cluster's IP whitelist: https://www.mongodb.com/docs/atlas/security-whitelist/\n    at _handleConnectionErrors (/home/pentaz/Documents/Final_project/backend/node_modules/mongoose/lib/connection.js:816:11)\n    at NativeConnection.openUri (/home/pentaz/Documents/Final_project/backend/node_modules/mongoose/lib/connection.js:791:11)\n    at process.processTicksAndRejections (node:internal/process/task_queues:105:5)\n    at async module.exports (/home/pentaz/Documents/Final_project/backend/src/startup/db.js:11:17)"}
{"level":"info","message":"GET /api/items?sort=0"}
{"level":"info","message":"GET /api/items?sort=0"}
{"level":"info","message":"POST /api/auth/login"}
{"level":"info","message":"GET /api/cart/get/68023734be57fce751f62749"}
{"level":"info","message":"GET /api/items?sort=0"}
{"level":"info","message":"GET /api/items?sort=0"}
{"level":"info","message":"GET /api/items?sort=0"}
{"level":"info","message":"GET /api/items?sort=0"}
{"level":"info","message":"GET /api/auth/68023734be57fce751f62749"}
{"level":"info","message":"GET /api/items?sort=0"}
{"level":"info","message":"POST /api/auth/login"}
{"level":"info","message":"GET /api/cart/get/68023734be57fce751f62749"}
{"level":"info","message":"GET /api/items?sort=0"}
{"level":"info","message":"GET /api/auth/68023734be57fce751f62749"}
{"level":"info","message":"GET /api/auth/68023734be57fce751f62749"}
